INFO  2013/12/27 15:44:27 revel.go:292: Loaded module static
INFO  2013/12/27 15:44:27 run.go:57: Running fantastic (fantastic) in prod mode
INFO  2013/12/27 15:45:17 revel.go:292: Loaded module static
INFO  2013/12/27 15:45:17 run.go:57: Running fantastic (fantastic) in prod mode
INFO  2013/12/27 15:46:34 revel.go:292: Loaded module static
INFO  2013/12/27 15:46:34 run.go:57: Running fantastic (fantastic) in prod mode
INFO  2013/12/27 15:46:37 revel.go:292: Loaded module static
INFO  2013/12/27 15:46:37 run.go:57: Running fantastic (fantastic) in prod mode
INFO  2013/12/27 15:48:39 revel.go:292: Loaded module static
INFO  2013/12/27 15:48:39 run.go:57: Running fantastic (fantastic) in prod mode
ERROR 2013/12/27 15:48:39 build.go:79: # labix.org/v2/mgo
src/labix.org/v2/mgo/session.go:401: undefined: revel
src/labix.org/v2/mgo/session.go:460: undefined: revel
src/labix.org/v2/mgo/session.go:462: undefined: revel
src/labix.org/v2/mgo/session.go:466: undefined: revel

INFO  2013/12/27 15:56:37 revel.go:292: Loaded module static
INFO  2013/12/27 15:56:37 run.go:57: Running fantastic (fantastic) in prod mode
ERROR 2013/12/27 15:56:37 build.go:79: # fantastic/app/models
src/fantastic/app/models/post.go:25: undefined: revel
src/fantastic/app/models/post.go:52: undefined: revel
src/fantastic/app/models/user.go:24: undefined: revel
src/fantastic/app/models/user.go:31: undefined: revel

INFO  2013/12/27 16:08:53 revel.go:292: Loaded module static
INFO  2013/12/27 16:08:53 run.go:57: Running fantastic (fantastic) in prod mode
ERROR 2013/12/27 16:08:54 build.go:79: # fantastic/app/models
src/fantastic/app/models/post.go:25: multiple-value fmt.Println() in single-value context
src/fantastic/app/models/post.go:52: multiple-value fmt.Println() in single-value context
src/fantastic/app/models/user.go:24: multiple-value fmt.Println() in single-value context
src/fantastic/app/models/user.go:31: multiple-value fmt.Println() in single-value context

INFO  2013/12/27 16:08:59 revel.go:292: Loaded module static
INFO  2013/12/27 16:08:59 run.go:57: Running fantastic (fantastic) in prod mode
ERROR 2013/12/27 16:08:59 build.go:79: # fantastic/app/models
src/fantastic/app/models/post.go:25: multiple-value fmt.Println() in single-value context
src/fantastic/app/models/post.go:52: multiple-value fmt.Println() in single-value context
src/fantastic/app/models/user.go:24: multiple-value fmt.Println() in single-value context
src/fantastic/app/models/user.go:31: multiple-value fmt.Println() in single-value context

INFO  2013/12/27 16:10:49 revel.go:292: Loaded module static
INFO  2013/12/27 16:10:49 run.go:57: Running fantastic (fantastic) in prod mode
INFO  2013/12/27 16:11:03 revel.go:292: Loaded module static
INFO  2013/12/27 16:11:03 run.go:57: Running fantastic (fantastic) in prod mode
INFO  2013/12/27 16:11:11 revel.go:292: Loaded module static
INFO  2013/12/27 16:11:11 run.go:57: Running fantastic (fantastic) in prod mode
ERROR 2013/12/27 16:11:12 build.go:79: # fantastic/app/controllers
src/fantastic/app/controllers/init.go:19: undefined: revel

INFO  2013/12/27 16:12:41 revel.go:292: Loaded module static
INFO  2013/12/27 16:12:41 run.go:57: Running fantastic (fantastic) in prod mode
INFO  2013/12/27 16:12:47 revel.go:292: Loaded module static
INFO  2013/12/27 16:12:47 main.go:26: Running revel server
INFO  2013/12/27 16:12:47 router.go:270: Skipping routes for inactive module testrunner
WARN  2013/12/27 16:12:47 revmgo.go:31: Could not connect to Mongo DB. Error: no such cmd
ERROR 2013/12/27 16:12:47 server.go:92: Failed to listen: listen tcp <nil>:9000: address already in use
ERROR 2013/12/27 16:12:47 app.go:79: Error running: exit status 1
